/home/sjzhao/spack/opt/spack/linux-cascadelake/cp2k-2026.1-ldkgppgxffmfljh6amioudbsetbzep4p/bin/cp2k.psmp
/project/chem26800/sjzhao
Au4_charge0_E.out
Au4_charge0-RESTART.wfn
Au4_charge0-RESTART.wfn.bak-1
Au4_charge1_E.out
Au4_charge1-RESTART.wfn
Au4_charge1-RESTART.wfn.bak-1
Au4_IE.inp
Au4.xyz
Au_DOS_E_minus_EF-20.png
Au_DOS_E_minus_EF.png
Au_DOS_shifted-20.csv
Au_DOS_shifted.csv
bulk_au_band
bulk_au_band_20_GB
bulk_au_band_20_GB.inp
bulk_au_band.inp
bulk_au_band.out
bulk_au.bs
bulk_au_rel_20_GB-bulk_au_dos_20_GB-1.dos
bulk_au_rel_20_GB-RESTART.kp
bulk_au_rel-bulk_au_dos-1.dos
bulk_au_rel-RESTART.kp
bulk_au-RESTART.kp
check.out
Err_AU4_IE0.err
Err_AU4_IE.err
Err_Au_bulk_band.err
FE.py
Out_Au4_IE0.out
Out_Au4_IE.out
Out_Au_bulk_band.out
PltBS.py
sub_cp2k.sh
